0 info it worked if it ends with ok
1 verbose cli [ '/home/ubuntu/.nvm/versions/node/v4.6.1/bin/node',
1 verbose cli   '/home/ubuntu/.nvm/versions/node/v4.6.1/bin/npm',
1 verbose cli   'install',
1 verbose cli   'netrcn' ]
2 info using npm@2.15.9
3 info using node@v4.6.1
4 verbose install initial load of /home/ubuntu/workspace/crear-repositorio-en-github-merquililycony/package.json
5 verbose installManyTop reading scoped package data from /home/ubuntu/workspace/crear-repositorio-en-github-merquililycony/node_modules/asyncawait/package.json
6 verbose installManyTop reading scoped package data from /home/ubuntu/workspace/crear-repositorio-en-github-merquililycony/node_modules/deasync/package.json
7 verbose installManyTop reading scoped package data from /home/ubuntu/workspace/crear-repositorio-en-github-merquililycony/node_modules/exec/package.json
8 verbose installManyTop reading scoped package data from /home/ubuntu/workspace/crear-repositorio-en-github-merquililycony/node_modules/find-file/package.json
9 verbose installManyTop reading scoped package data from /home/ubuntu/workspace/crear-repositorio-en-github-merquililycony/node_modules/fs-extra/package.json
10 verbose installManyTop reading scoped package data from /home/ubuntu/workspace/crear-repositorio-en-github-merquililycony/node_modules/gulp/package.json
11 verbose installManyTop reading scoped package data from /home/ubuntu/workspace/crear-repositorio-en-github-merquililycony/node_modules/gulp-cli/package.json
12 verbose installManyTop reading scoped package data from /home/ubuntu/workspace/crear-repositorio-en-github-merquililycony/node_modules/gulp-install/package.json
13 verbose installManyTop reading scoped package data from /home/ubuntu/workspace/crear-repositorio-en-github-merquililycony/node_modules/gulp-shell/package.json
14 verbose installManyTop reading scoped package data from /home/ubuntu/workspace/crear-repositorio-en-github-merquililycony/node_modules/heroku-client/package.json
15 verbose installManyTop reading scoped package data from /home/ubuntu/workspace/crear-repositorio-en-github-merquililycony/node_modules/json/package.json
16 verbose installManyTop reading scoped package data from /home/ubuntu/workspace/crear-repositorio-en-github-merquililycony/node_modules/jsonfile/package.json
17 verbose installManyTop reading scoped package data from /home/ubuntu/workspace/crear-repositorio-en-github-merquililycony/node_modules/minimist/package.json
18 verbose installManyTop reading scoped package data from /home/ubuntu/workspace/crear-repositorio-en-github-merquililycony/node_modules/netrc/package.json
19 verbose installManyTop reading scoped package data from /home/ubuntu/workspace/crear-repositorio-en-github-merquililycony/node_modules/node-libcurl/package.json
20 verbose installManyTop reading scoped package data from /home/ubuntu/workspace/crear-repositorio-en-github-merquililycony/node_modules/octonode/package.json
21 verbose installManyTop reading scoped package data from /home/ubuntu/workspace/crear-repositorio-en-github-merquililycony/node_modules/path/package.json
22 verbose installManyTop reading scoped package data from /home/ubuntu/workspace/crear-repositorio-en-github-merquililycony/node_modules/readline-sync/package.json
23 verbose installManyTop reading scoped package data from /home/ubuntu/workspace/crear-repositorio-en-github-merquililycony/node_modules/replace/package.json
24 verbose installManyTop reading scoped package data from /home/ubuntu/workspace/crear-repositorio-en-github-merquililycony/node_modules/simple-git/package.json
25 info package.json exec@0.2.1 No license field.
26 info package.json json@9.0.4 No license field.
27 info package.json path@0.12.7 path is also the name of a node core module.
28 verbose readDependencies loading dependencies from /home/ubuntu/workspace/crear-repositorio-en-github-merquililycony/package.json
29 silly cache add args [ 'netrcn', null ]
30 verbose cache add spec netrcn
31 silly cache add parsed spec Result {
31 silly cache add   raw: 'netrcn',
31 silly cache add   scope: null,
31 silly cache add   name: 'netrcn',
31 silly cache add   rawSpec: '',
31 silly cache add   spec: 'latest',
31 silly cache add   type: 'tag' }
32 silly addNamed netrcn@latest
33 verbose addNamed "latest" is being treated as a dist-tag for netrcn
34 info addNameTag [ 'netrcn', 'latest' ]
35 silly mapToRegistry name netrcn
36 silly mapToRegistry using default registry
37 silly mapToRegistry registry https://registry.npmjs.org/
38 silly mapToRegistry data Result {
38 silly mapToRegistry   raw: 'netrcn',
38 silly mapToRegistry   scope: null,
38 silly mapToRegistry   name: 'netrcn',
38 silly mapToRegistry   rawSpec: '',
38 silly mapToRegistry   spec: 'latest',
38 silly mapToRegistry   type: 'tag' }
39 silly mapToRegistry uri https://registry.npmjs.org/netrcn
40 verbose addNameTag registry:https://registry.npmjs.org/netrcn not in flight; fetching
41 verbose request uri https://registry.npmjs.org/netrcn
42 verbose request no auth needed
43 info attempt registry request try #1 at 10:07:17 PM
44 verbose request id d673ef718fb709ee
45 http request GET https://registry.npmjs.org/netrcn
46 http 404 https://registry.npmjs.org/netrcn
47 verbose headers { 'content-type': 'application/json',
47 verbose headers   'cache-control': 'max-age=0',
47 verbose headers   'content-length': '2',
47 verbose headers   'accept-ranges': 'bytes',
47 verbose headers   date: 'Sat, 10 Dec 2016 22:07:18 GMT',
47 verbose headers   via: '1.1 varnish',
47 verbose headers   age: '0',
47 verbose headers   connection: 'keep-alive',
47 verbose headers   'x-served-by': 'cache-lhr6320-LHR',
47 verbose headers   'x-cache': 'MISS',
47 verbose headers   'x-cache-hits': '0',
47 verbose headers   'x-timer': 'S1481407637.619498,VS0,VE601',
47 verbose headers   vary: 'Accept-Encoding' }
48 silly get cb [ 404,
48 silly get   { 'content-type': 'application/json',
48 silly get     'cache-control': 'max-age=0',
48 silly get     'content-length': '2',
48 silly get     'accept-ranges': 'bytes',
48 silly get     date: 'Sat, 10 Dec 2016 22:07:18 GMT',
48 silly get     via: '1.1 varnish',
48 silly get     age: '0',
48 silly get     connection: 'keep-alive',
48 silly get     'x-served-by': 'cache-lhr6320-LHR',
48 silly get     'x-cache': 'MISS',
48 silly get     'x-cache-hits': '0',
48 silly get     'x-timer': 'S1481407637.619498,VS0,VE601',
48 silly get     vary: 'Accept-Encoding' } ]
49 verbose stack Error: Registry returned 404 for GET on https://registry.npmjs.org/netrcn
49 verbose stack     at makeError (/home/ubuntu/.nvm/versions/node/v4.6.1/lib/node_modules/npm/node_modules/npm-registry-client/lib/request.js:264:12)
49 verbose stack     at CachingRegistryClient.<anonymous> (/home/ubuntu/.nvm/versions/node/v4.6.1/lib/node_modules/npm/node_modules/npm-registry-client/lib/request.js:242:14)
49 verbose stack     at Request._callback (/home/ubuntu/.nvm/versions/node/v4.6.1/lib/node_modules/npm/node_modules/npm-registry-client/lib/request.js:172:14)
49 verbose stack     at Request.self.callback (/home/ubuntu/.nvm/versions/node/v4.6.1/lib/node_modules/npm/node_modules/request/request.js:200:22)
49 verbose stack     at emitTwo (events.js:87:13)
49 verbose stack     at Request.emit (events.js:172:7)
49 verbose stack     at Request.<anonymous> (/home/ubuntu/.nvm/versions/node/v4.6.1/lib/node_modules/npm/node_modules/request/request.js:1067:10)
49 verbose stack     at emitOne (events.js:82:20)
49 verbose stack     at Request.emit (events.js:169:7)
49 verbose stack     at IncomingMessage.<anonymous> (/home/ubuntu/.nvm/versions/node/v4.6.1/lib/node_modules/npm/node_modules/request/request.js:988:12)
50 verbose statusCode 404
51 verbose pkgid netrcn
52 verbose cwd /home/ubuntu/workspace/crear-repositorio-en-github-merquililycony
53 error Linux 4.2.0-c9
54 error argv "/home/ubuntu/.nvm/versions/node/v4.6.1/bin/node" "/home/ubuntu/.nvm/versions/node/v4.6.1/bin/npm" "install" "netrcn"
55 error node v4.6.1
56 error npm  v2.15.9
57 error code E404
58 error 404 Registry returned 404 for GET on https://registry.npmjs.org/netrcn
58 error 404
58 error 404 'netrcn' is not in the npm registry.
58 error 404 You should bug the author to publish it (or use the name yourself!)
58 error 404 It was specified as a dependency of 'gitbook-start-heroku-merquililycony'
58 error 404
58 error 404 Note that you can also install from a
58 error 404 tarball, folder, http url, or git url.
59 verbose exit [ 1, true ]
